<?xml version="1.0" encoding="UTF-8"?>
<testng-results ignored="0" total="2" passed="2" failed="0" skipped="0">
  <reporter-output>
  </reporter-output>
  <suite started-at="2025-01-10T16:38:41 IST" name="Master Suite" finished-at="2025-01-10T16:39:02 IST" duration-ms="20846">
    <groups>
      <group name="Master">
        <method signature="TC001_AccountRegistrationTest.verify_AccountRegistration()[pri:0, instance:testCases.TC001_AccountRegistrationTest@3542162a]" name="verify_AccountRegistration" class="testCases.TC001_AccountRegistrationTest"/>
        <method signature="TC002_LoginTest.loginTest()[pri:0, instance:testCases.TC002_LoginTest@c1bd0be]" name="loginTest" class="testCases.TC002_LoginTest"/>
      </group> <!-- Master -->
      <group name="Sanity">
        <method signature="TC002_LoginTest.loginTest()[pri:0, instance:testCases.TC002_LoginTest@c1bd0be]" name="loginTest" class="testCases.TC002_LoginTest"/>
      </group> <!-- Sanity -->
      <group name="Regression">
        <method signature="TC001_AccountRegistrationTest.verify_AccountRegistration()[pri:0, instance:testCases.TC001_AccountRegistrationTest@3542162a]" name="verify_AccountRegistration" class="testCases.TC001_AccountRegistrationTest"/>
      </group> <!-- Regression -->
    </groups>
    <test started-at="2025-01-10T16:38:41 IST" name="Test" finished-at="2025-01-10T16:39:02 IST" duration-ms="20846">
      <class name="testCases.TC002_LoginTest">
        <test-method is-config="true" signature="setup(java.lang.String,java.lang.String)[pri:0, instance:testCases.TC002_LoginTest@c1bd0be]" started-at="2025-01-10T16:38:53 IST" name="setup" finished-at="2025-01-10T16:38:59 IST" duration-ms="6067" status="PASS">
          <params>
            <param index="0">
              <value>
                <![CDATA[Windows]]>
              </value>
            </param>
            <param index="1">
              <value>
                <![CDATA[chrome]]>
              </value>
            </param>
          </params>
          <reporter-output>
          </reporter-output>
        </test-method> <!-- setup -->
        <test-method signature="loginTest()[pri:0, instance:testCases.TC002_LoginTest@c1bd0be]" started-at="2025-01-10T16:38:59 IST" name="loginTest" finished-at="2025-01-10T16:39:01 IST" duration-ms="2376" status="PASS">
          <reporter-output>
          </reporter-output>
        </test-method> <!-- loginTest -->
        <test-method is-config="true" signature="terDown()[pri:0, instance:testCases.TC002_LoginTest@c1bd0be]" started-at="2025-01-10T16:39:01 IST" name="terDown" finished-at="2025-01-10T16:39:02 IST" duration-ms="407" status="PASS">
          <reporter-output>
          </reporter-output>
        </test-method> <!-- terDown -->
      </class> <!-- testCases.TC002_LoginTest -->
      <class name="testCases.TC001_AccountRegistrationTest">
        <test-method is-config="true" signature="setup(java.lang.String,java.lang.String)[pri:0, instance:testCases.TC001_AccountRegistrationTest@3542162a]" started-at="2025-01-10T16:38:41 IST" name="setup" finished-at="2025-01-10T16:38:49 IST" duration-ms="8060" status="PASS">
          <params>
            <param index="0">
              <value>
                <![CDATA[Windows]]>
              </value>
            </param>
            <param index="1">
              <value>
                <![CDATA[chrome]]>
              </value>
            </param>
          </params>
          <reporter-output>
          </reporter-output>
        </test-method> <!-- setup -->
        <test-method signature="verify_AccountRegistration()[pri:0, instance:testCases.TC001_AccountRegistrationTest@3542162a]" started-at="2025-01-10T16:38:49 IST" name="verify_AccountRegistration" finished-at="2025-01-10T16:38:52 IST" duration-ms="2949" status="PASS">
          <reporter-output>
          </reporter-output>
        </test-method> <!-- verify_AccountRegistration -->
        <test-method is-config="true" signature="terDown()[pri:0, instance:testCases.TC001_AccountRegistrationTest@3542162a]" started-at="2025-01-10T16:38:52 IST" name="terDown" finished-at="2025-01-10T16:38:53 IST" duration-ms="503" status="PASS">
          <reporter-output>
          </reporter-output>
        </test-method> <!-- terDown -->
      </class> <!-- testCases.TC001_AccountRegistrationTest -->
    </test> <!-- Test -->
  </suite> <!-- Master Suite -->
</testng-results>
