<?xml version="1.0" encoding="UTF-8"?>
<testng-results ignored="0" total="2" passed="2" failed="0" skipped="0">
  <reporter-output>
  </reporter-output>
  <suite started-at="2025-01-11T21:04:40 IST" name="Master Suite" finished-at="2025-01-11T21:05:13 IST" duration-ms="33452">
    <groups>
      <group name="Master">
        <method signature="TC001_AccountRegistrationTest.verify_AccountRegistration()[pri:0, instance:testCases.TC001_AccountRegistrationTest@265adfad]" name="verify_AccountRegistration" class="testCases.TC001_AccountRegistrationTest"/>
        <method signature="TC002_LoginTest.loginTest()[pri:0, instance:testCases.TC002_LoginTest@1e461e41]" name="loginTest" class="testCases.TC002_LoginTest"/>
      </group> <!-- Master -->
      <group name="Sanity">
        <method signature="TC002_LoginTest.loginTest()[pri:0, instance:testCases.TC002_LoginTest@1e461e41]" name="loginTest" class="testCases.TC002_LoginTest"/>
      </group> <!-- Sanity -->
      <group name="Regression">
        <method signature="TC001_AccountRegistrationTest.verify_AccountRegistration()[pri:0, instance:testCases.TC001_AccountRegistrationTest@265adfad]" name="verify_AccountRegistration" class="testCases.TC001_AccountRegistrationTest"/>
      </group> <!-- Regression -->
    </groups>
    <test started-at="2025-01-11T21:04:40 IST" name="Test" finished-at="2025-01-11T21:05:13 IST" duration-ms="33452">
      <class name="testCases.TC002_LoginTest">
        <test-method is-config="true" signature="setup(java.lang.String,java.lang.String)[pri:0, instance:testCases.TC002_LoginTest@1e461e41]" started-at="2025-01-11T21:05:03 IST" name="setup" finished-at="2025-01-11T21:05:10 IST" duration-ms="7199" status="PASS">
          <params>
            <param index="0">
              <value>
                <![CDATA[Windows]]>
              </value>
            </param>
            <param index="1">
              <value>
                <![CDATA[chrome]]>
              </value>
            </param>
          </params>
          <reporter-output>
          </reporter-output>
        </test-method> <!-- setup -->
        <test-method signature="loginTest()[pri:0, instance:testCases.TC002_LoginTest@1e461e41]" started-at="2025-01-11T21:05:10 IST" name="loginTest" finished-at="2025-01-11T21:05:13 IST" duration-ms="3064" status="PASS">
          <reporter-output>
          </reporter-output>
        </test-method> <!-- loginTest -->
        <test-method is-config="true" signature="terDown()[pri:0, instance:testCases.TC002_LoginTest@1e461e41]" started-at="2025-01-11T21:05:13 IST" name="terDown" finished-at="2025-01-11T21:05:13 IST" duration-ms="351" status="PASS">
          <reporter-output>
          </reporter-output>
        </test-method> <!-- terDown -->
      </class> <!-- testCases.TC002_LoginTest -->
      <class name="testCases.TC001_AccountRegistrationTest">
        <test-method is-config="true" signature="setup(java.lang.String,java.lang.String)[pri:0, instance:testCases.TC001_AccountRegistrationTest@265adfad]" started-at="2025-01-11T21:04:40 IST" name="setup" finished-at="2025-01-11T21:04:57 IST" duration-ms="16778" status="PASS">
          <params>
            <param index="0">
              <value>
                <![CDATA[Windows]]>
              </value>
            </param>
            <param index="1">
              <value>
                <![CDATA[chrome]]>
              </value>
            </param>
          </params>
          <reporter-output>
          </reporter-output>
        </test-method> <!-- setup -->
        <test-method signature="verify_AccountRegistration()[pri:0, instance:testCases.TC001_AccountRegistrationTest@265adfad]" started-at="2025-01-11T21:04:57 IST" name="verify_AccountRegistration" finished-at="2025-01-11T21:05:02 IST" duration-ms="4842" status="PASS">
          <reporter-output>
          </reporter-output>
        </test-method> <!-- verify_AccountRegistration -->
        <test-method is-config="true" signature="terDown()[pri:0, instance:testCases.TC001_AccountRegistrationTest@265adfad]" started-at="2025-01-11T21:05:02 IST" name="terDown" finished-at="2025-01-11T21:05:03 IST" duration-ms="604" status="PASS">
          <reporter-output>
          </reporter-output>
        </test-method> <!-- terDown -->
      </class> <!-- testCases.TC001_AccountRegistrationTest -->
    </test> <!-- Test -->
  </suite> <!-- Master Suite -->
</testng-results>
